2023-12-12 15:18:52,655 : INFO : C0C1 : Content Book Loaded
2023-12-12 15:18:52,661 : INFO : Credentials loaded Username: NANSAN
2023-12-12 15:19:05,809 : INFO : Login Success User: NANSAN
2023-12-12 15:19:17,078 : INFO : Selected Hotel : C0C1 - MOVENPICK LIVING SAKLIVADI
2023-12-12 15:19:20,184 : INFO : Language to add : ['DE', 'ES', 'IT', 'NL', 'PT', 'ZH', 'BR', 'ID', 'JA', 'KO', 'RU', 'TR', 'AR']
2023-12-12 15:19:24,531 : INFO : Hotel Languages Definition
2023-12-12 15:19:24,687 : INFO : DE Added
2023-12-12 15:19:25,775 : INFO : ES Added
2023-12-12 15:19:26,848 : INFO : IT Added
2023-12-12 15:19:27,968 : INFO : NL Added
2023-12-12 15:19:29,054 : INFO : PT Added
2023-12-12 15:19:30,159 : INFO : ZH Added
2023-12-12 15:19:31,278 : INFO : BR Added
2023-12-12 15:19:32,384 : INFO : ID Added
2023-12-12 15:19:33,490 : INFO : JA Added
2023-12-12 15:19:34,574 : INFO : KO Added
2023-12-12 15:19:35,692 : INFO : RU Added
2023-12-12 15:19:36,768 : INFO : TR Added
2023-12-12 15:19:37,867 : INFO : AR Added
2023-12-12 15:19:38,787 : INFO : C0C1 : Language Setup Done.
2023-12-12 15:19:38,825 : INFO : HC0C1_Hotel_Programs_REG.csv has been created!
2023-12-12 15:19:44,084 : INFO : Automation representation
2023-12-12 15:19:52,113 : INFO : C0C1 : RT : System has been added
2023-12-12 15:19:58,943 : INFO : C0C1 : DQ : System has been added
2023-12-12 15:20:05,716 : INFO : C0C1 : GG : System has been added
2023-12-12 15:20:12,431 : INFO : C0C1 : HO : System has been added
2023-12-12 15:20:19,211 : INFO : C0C1 : TE : System has been added
2023-12-12 15:20:26,829 : INFO : C0C1 : TE : System has been added
2023-12-12 15:20:26,830 : INFO : C0C1 : ALL MANDATORY AUTOMATION SYSTEMS HAS BEEN ADDED
2023-12-12 15:20:31,928 : INFO : Distribution Method
2023-12-12 15:20:39,173 : INFO : C0C1 :  : Address has been updated
2023-12-12 15:20:44,077 : INFO : C0C1 :  : An E-mail or a fax number is required
2023-12-12 15:23:10,687 : INFO : Address and Set-up -
2023-12-12 15:23:10,844 : INFO : hotel.name : MOVENPICK LIVING SAKLIVADI
2023-12-12 15:23:11,013 : INFO : hotel.brand.code : MOV
2023-12-12 15:23:11,155 : INFO : hotel.chain.code : MOL
2023-12-12 15:23:11,292 : INFO : hotel.commercialName : Mövenpick Living Istanbul Saklivadi (Opening January 2024)
2023-12-12 15:23:11,436 : INFO : hotel.shortName : MOVENPICK LIVING IST
2023-12-12 15:23:11,593 : INFO : hotel.hotelManagementType.code : FR
2023-12-12 15:23:11,748 : INFO : hotel.address.addresses[0] : Ayazaga Mahallesi 215 Sokak
2023-12-12 15:23:11,902 : INFO : hotel.address.addresses[1] : No 10 B
2023-12-12 15:23:12,042 : INFO : hotel.address.addresses[2] : Sariyer
2023-12-12 15:23:12,183 : INFO : hotel.address.city : ISTANBUL
2023-12-12 15:23:12,324 : INFO : hotel.iataCityCode : IST
2023-12-12 15:23:12,466 : INFO : hotel.address.country.code : TR
2023-12-12 15:23:12,606 : INFO : hotel.placeCode : IST
2023-12-12 15:23:12,745 : INFO : hotel.segmentationType.code : TRACK
2023-12-12 15:23:12,886 : INFO : hotel.tarsMode.code : O
2023-12-12 15:23:13,026 : INFO : versionPmsInterface : 
2023-12-12 15:23:13,167 : INFO : hotel.address.email : HC0C1@accor.com
2023-12-12 15:23:13,322 : INFO : hotel.internetAddress : all.accor.com/C0C1
2023-12-12 15:23:15,599 : INFO : C0C1 : updateHotelAddress : Address has been updated
2023-12-12 15:23:24,550 : INFO : General Information
2023-12-12 15:23:24,688 : INFO : gi_constructionDate : 01/11/2023
2023-12-12 15:23:24,827 : INFO : gi_lastRenovDate : 01/11/2023
2023-12-12 15:23:24,968 : INFO : gi_tarsCreatDate : 01/12/2023
2023-12-12 15:23:25,109 : INFO : gi_openingDate : 01/01/2024
2023-12-12 15:23:25,249 : INFO : gi.limitHour : 23:59
2023-12-12 15:23:25,389 : INFO : gi.nbOfHours : =2
2023-12-12 15:23:25,532 : INFO : gi.nbOfLifts : 5
2023-12-12 15:23:25,670 : INFO : gi.nbOfRooms : 164
2023-12-12 15:23:25,812 : INFO : gi.nbOfFloors : 20
2023-12-12 15:23:25,935 : INFO : selectLodging : HTL
2023-12-12 15:23:26,061 : INFO : selectStandard : UP
2023-12-12 15:23:26,201 : INFO : selectEnvironment : CIT
2023-12-12 15:23:26,340 : INFO : selectLocation : BUSD
2023-12-12 15:23:26,481 : INFO : selectCurrency : EUR
2023-12-12 15:23:26,621 : INFO : selectPmsCurrency : EUR
2023-12-12 15:23:26,933 : INFO : Submitdata
2023-12-12 15:23:30,445 : INFO : C0C1 : submitGeneralInformationForm : 
2023-12-12 15:25:43,115 : INFO : C0C1 : Content Book Loaded
2023-12-12 15:25:43,122 : INFO : Credentials loaded Username: NANSAN
2023-12-12 15:25:55,492 : INFO : Login Success User: NANSAN
2023-12-12 15:26:07,011 : INFO : Selected Hotel : C0C1 - MOVENPICK LIVING SAKLIVADI
2023-12-12 15:26:18,241 : INFO : Special Rating Classification
2023-12-12 15:29:03,704 : INFO : C0C1 : Content Book Loaded
2023-12-12 15:29:03,709 : INFO : Credentials loaded Username: NANSAN
2023-12-12 15:29:14,751 : INFO : Login Success User: NANSAN
2023-12-12 15:29:25,761 : INFO : Selected Hotel : C0C1 - MOVENPICK LIVING SAKLIVADI
2023-12-12 15:29:37,302 : INFO : Special Rating Classification
2023-12-12 15:31:46,609 : INFO : C0C1 : Content Book Loaded
2023-12-12 15:31:46,613 : INFO : Credentials loaded Username: NANSAN
2023-12-12 15:31:57,761 : INFO : Login Success User: NANSAN
2023-12-12 15:32:09,589 : INFO : Selected Hotel : C0C1 - MOVENPICK LIVING SAKLIVADI
2023-12-12 15:32:22,858 : INFO : Special Rating Classification
2023-12-12 15:32:25,335 : INFO : hotelStanding.nb : 5
2023-12-12 15:32:28,024 : INFO : C0C1 :  : Standing 'Local star rating' has been added
2023-12-12 15:32:28,025 : INFO : Automation Add Rating Done
2023-12-12 15:34:10,131 : INFO : Meal Plan to add to the Hotel: ['MBREAK', 'AMBREA', 'MBUFF']
2023-12-12 15:34:17,741 : INFO : Products -   
2023-12-12 15:34:20,739 : INFO : hotelProduct.paying : checkbox.checked
2023-12-12 15:34:21,020 : INFO : hotelProduct.maxOccupancyTotal : 1
2023-12-12 15:34:21,282 : INFO : hotelProduct.maxQtyInRoom : 1
2023-12-12 15:34:21,544 : INFO : hotelProduct.orderInResaScreen : 99
2023-12-12 15:34:21,808 : INFO : hotelProduct.maxOccupancyAdult : 1
2023-12-12 15:34:22,057 : INFO : hotelProduct.availableOnGDSMedia : checkbox.checked
2023-12-12 15:34:22,353 : INFO : Submitdata
2023-12-12 15:34:26,082 : INFO : C0C1 : MBREAK : Product 'MBREAK' has been added
2023-12-12 15:34:27,791 : INFO : hotelProduct.paying : checkbox.checked
2023-12-12 15:34:27,993 : INFO : hotelProduct.maxOccupancyTotal : 1
2023-12-12 15:34:28,211 : INFO : hotelProduct.maxQtyInRoom : 1
2023-12-12 15:34:28,409 : INFO : hotelProduct.orderInResaScreen : 99
2023-12-12 15:34:28,624 : INFO : hotelProduct.maxOccupancyAdult : 1
2023-12-12 15:34:28,855 : INFO : hotelProduct.availableOnGDSMedia : checkbox.checked
2023-12-12 15:34:29,086 : INFO : Submitdata
2023-12-12 15:34:33,177 : INFO : C0C1 : AMBREA : Product 'AMBREA' has been added
2023-12-12 15:34:34,975 : INFO : hotelProduct.paying : checkbox.checked
2023-12-12 15:34:35,162 : INFO : hotelProduct.maxOccupancyTotal : 1
2023-12-12 15:34:35,363 : INFO : hotelProduct.maxQtyInRoom : 1
2023-12-12 15:34:35,567 : INFO : hotelProduct.orderInResaScreen : 99
2023-12-12 15:34:35,753 : INFO : hotelProduct.maxOccupancyAdult : 1
2023-12-12 15:34:35,968 : INFO : hotelProduct.availableOnGDSMedia : checkbox.checked
2023-12-12 15:34:36,221 : INFO : Submitdata
2023-12-12 15:34:40,318 : INFO : C0C1 : MBUFF : Product 'MBUFF' has been added
2023-12-12 15:34:40,318 : INFO : C0C1 : Mandatory Meal Option has been added
2023-12-12 15:37:00,755 : INFO : Hotels limits
2023-12-12 15:37:03,404 : INFO : hotelsLimits.nbProdHotel : 1000
2023-12-12 15:37:03,576 : INFO : hotelsLimits.maxExtra : 500
2023-12-12 15:37:03,746 : INFO : hotelsLimits.maxRooms : 50
2023-12-12 16:01:05,417 : INFO : C0C1 : Content Book Loaded
2023-12-12 16:01:05,425 : INFO : Credentials loaded Username: NANSAN
2023-12-12 16:01:17,732 : INFO : Login Success User: NANSAN
2023-12-12 16:01:29,126 : INFO : Selected Hotel : C0C1 - MOVENPICK LIVING SAKLIVADI
2023-12-12 16:03:59,579 : INFO : Hotels limits
2023-12-12 16:04:00,807 : INFO : searchKeyword : C0C1
2023-12-12 16:04:03,289 : INFO : hotelsLimits.nbProdHotel : 1000
2023-12-12 16:04:03,381 : INFO : hotelsLimits.maxExtra : 500
2023-12-12 16:04:03,457 : INFO : hotelsLimits.maxRooms : 50
2023-12-12 16:04:05,434 : INFO : C0C1 : Hotel Product limit Set : You cannot set a number of Paying Product prior to existing Product in hotel
2023-12-12 16:04:05,512 : INFO : rateLimit : checked = true
2023-12-12 16:04:08,126 : INFO : hotelsLimits.nbRateHotel : 1000
2023-12-12 16:04:09,926 : INFO : C0C1 : Hotel Rate Level Limit Set : Hotels limits set
2023-12-12 16:04:10,034 : INFO : indexRateLimit : checked = true
2023-12-12 16:04:12,507 : INFO : hotelsLimits.nbRateIndex : 1000
2023-12-12 16:04:14,237 : INFO : C0C1 : Hotel Indexed Rates Limit Set : Hotels limits set
2023-12-12 16:04:14,313 : INFO : referenceRateLimit : checked = true
2023-12-12 16:04:16,816 : INFO : hotelsLimits.maxRateRef : 100
2023-12-12 16:04:18,596 : INFO : C0C1 : Hotel Indexed Rates Limit Set : Hotels limits set
2023-12-12 16:05:51,973 : INFO : Products -   
2023-12-12 16:05:54,408 : INFO : hotelProduct.paying : checkbox.checked
2023-12-12 16:05:54,484 : INFO : hotelProduct.bookable : checkbox.checked
2023-12-12 16:05:54,562 : INFO : hotelProduct.maxOccupancyTotal : 1
2023-12-12 16:05:54,655 : INFO : hotelProduct.maxOccupancyAdult : 1
2023-12-12 16:05:54,732 : INFO : hotelProduct.maxOccupancyChildren : 0
2023-12-12 16:05:54,810 : INFO : hotelProduct.singleBebNumber : 1
2023-12-12 16:05:54,889 : INFO : hotelProduct.doubleBebNumber : 0
2023-12-12 16:05:54,966 : INFO : hotelProduct.roomSizeInSquareMeter : 22
2023-12-12 16:05:55,043 : INFO : hotelProduct.quantity : 2
2023-12-12 16:05:55,121 : INFO : hotelProduct.pmsCode : AAA
2023-12-12 16:05:55,197 : INFO : hotelProduct.availableOnGDSMedia : checkbox.checked
2023-12-12 16:05:55,276 : INFO : hotelProduct.orderInResaScreen : 1
2023-12-12 16:05:55,354 : INFO : Submitdata
2023-12-12 16:05:58,417 : INFO : C0C1 : AAA : Product 'AAA' has been added
2023-12-12 16:05:59,766 : INFO : hotelProduct.paying : checkbox.checked
2023-12-12 16:05:59,981 : INFO : hotelProduct.bookable : checkbox.checked
2023-12-12 16:06:00,140 : INFO : hotelProduct.maxOccupancyTotal : 2
2023-12-12 16:06:00,430 : INFO : hotelProduct.maxOccupancyAdult : 2
2023-12-12 16:06:00,507 : INFO : hotelProduct.maxOccupancyChildren : 1
2023-12-12 16:06:00,586 : INFO : hotelProduct.singleBebNumber : 1
2023-12-12 16:06:00,677 : INFO : hotelProduct.doubleBebNumber : 1
2023-12-12 16:06:00,785 : INFO : hotelProduct.roomSizeInSquareMeter : 58
2023-12-12 16:06:00,879 : INFO : hotelProduct.quantity : 66
2023-12-12 16:06:00,958 : INFO : hotelProduct.pmsCode : AP1
2023-12-12 16:06:01,035 : INFO : hotelProduct.availableOnGDSMedia : checkbox.checked
2023-12-12 16:06:01,110 : INFO : hotelProduct.orderInResaScreen : 2
2023-12-12 16:06:01,188 : INFO : Submitdata
2023-12-12 16:06:05,995 : INFO : C0C1 : AP1 : Product 'AP1' has been added
2023-12-12 16:06:07,460 : INFO : hotelProduct.paying : checkbox.checked
2023-12-12 16:06:07,554 : INFO : hotelProduct.bookable : checkbox.checked
2023-12-12 16:06:07,646 : INFO : hotelProduct.maxOccupancyTotal : 2
2023-12-12 16:06:07,740 : INFO : hotelProduct.maxOccupancyAdult : 2
2023-12-12 16:06:07,880 : INFO : hotelProduct.maxOccupancyChildren : 1
2023-12-12 16:06:08,004 : INFO : hotelProduct.singleBebNumber : 2
2023-12-12 16:06:08,115 : INFO : hotelProduct.doubleBebNumber : 0
2023-12-12 16:06:08,191 : INFO : hotelProduct.roomSizeInSquareMeter : 58
2023-12-12 16:06:08,270 : INFO : hotelProduct.quantity : 20
2023-12-12 16:06:08,349 : INFO : hotelProduct.pmsCode : ATB
2023-12-12 16:06:08,441 : INFO : hotelProduct.availableOnGDSMedia : checkbox.checked
2023-12-12 16:06:08,519 : INFO : hotelProduct.orderInResaScreen : 3
2023-12-12 16:06:08,597 : INFO : Submitdata
2023-12-12 16:06:11,762 : INFO : C0C1 : ATB : Product 'ATB' has been added
2023-12-12 16:06:13,099 : INFO : hotelProduct.paying : checkbox.checked
2023-12-12 16:06:13,195 : INFO : hotelProduct.bookable : checkbox.checked
2023-12-12 16:06:13,286 : INFO : hotelProduct.maxOccupancyTotal : 2
2023-12-12 16:06:13,365 : INFO : hotelProduct.maxOccupancyAdult : 2
2023-12-12 16:06:13,444 : INFO : hotelProduct.maxOccupancyChildren : 1
2023-12-12 16:06:13,538 : INFO : hotelProduct.singleBebNumber : 1
2023-12-12 16:06:13,615 : INFO : hotelProduct.doubleBebNumber : 1
2023-12-12 16:06:13,710 : INFO : hotelProduct.roomSizeInSquareMeter : 62
2023-12-12 16:06:13,803 : INFO : hotelProduct.quantity : 16
2023-12-12 16:06:13,896 : INFO : hotelProduct.pmsCode : AP1Z
2023-12-12 16:06:13,990 : INFO : hotelProduct.availableOnGDSMedia : checkbox.checked
2023-12-12 16:06:14,083 : INFO : hotelProduct.orderInResaScreen : 4
2023-12-12 16:06:14,177 : INFO : Submitdata
2023-12-12 16:06:17,252 : INFO : C0C1 : AP1Z : Product 'AP1Z' has been added
2023-12-12 16:06:18,630 : INFO : hotelProduct.paying : checkbox.checked
2023-12-12 16:06:18,722 : INFO : hotelProduct.bookable : checkbox.checked
2023-12-12 16:06:18,831 : INFO : hotelProduct.maxOccupancyTotal : 4
2023-12-12 16:06:18,924 : INFO : hotelProduct.maxOccupancyAdult : 4
2023-12-12 16:06:19,019 : INFO : hotelProduct.maxOccupancyChildren : 1
2023-12-12 16:06:19,112 : INFO : hotelProduct.singleBebNumber : 3
2023-12-12 16:06:19,220 : INFO : hotelProduct.doubleBebNumber : 1
2023-12-12 16:06:19,314 : INFO : hotelProduct.roomSizeInSquareMeter : 83
2023-12-12 16:06:19,423 : INFO : hotelProduct.quantity : 18
2023-12-12 16:06:19,531 : INFO : hotelProduct.pmsCode : AP2
2023-12-12 16:06:19,658 : INFO : hotelProduct.availableOnGDSMedia : checkbox.checked
2023-12-12 16:06:19,766 : INFO : hotelProduct.orderInResaScreen : 5
2023-12-12 16:06:19,860 : INFO : Submitdata
2023-12-12 16:06:23,050 : INFO : C0C1 : AP2 : Product 'AP2' has been added
2023-12-12 16:06:24,414 : INFO : hotelProduct.paying : checkbox.checked
2023-12-12 16:06:24,508 : INFO : hotelProduct.bookable : checkbox.checked
2023-12-12 16:06:24,602 : INFO : hotelProduct.maxOccupancyTotal : 4
2023-12-12 16:06:24,680 : INFO : hotelProduct.maxOccupancyAdult : 4
2023-12-12 16:06:24,757 : INFO : hotelProduct.maxOccupancyChildren : 1
2023-12-12 16:06:24,834 : INFO : hotelProduct.singleBebNumber : 3
2023-12-12 16:06:24,914 : INFO : hotelProduct.doubleBebNumber : 1
2023-12-12 16:06:24,989 : INFO : hotelProduct.roomSizeInSquareMeter : 109
2023-12-12 16:06:25,066 : INFO : hotelProduct.quantity : 34
2023-12-12 16:06:25,144 : INFO : hotelProduct.pmsCode : AP2A
2023-12-12 16:06:25,224 : INFO : hotelProduct.availableOnGDSMedia : checkbox.checked
2023-12-12 16:06:25,300 : INFO : hotelProduct.orderInResaScreen : 6
2023-12-12 16:06:25,441 : INFO : Submitdata
2023-12-12 16:06:28,593 : INFO : C0C1 : AP2A : Product 'AP2A' has been added
2023-12-12 16:06:29,948 : INFO : hotelProduct.paying : checkbox.checked
2023-12-12 16:06:30,041 : INFO : hotelProduct.bookable : checkbox.checked
2023-12-12 16:06:30,134 : INFO : hotelProduct.maxOccupancyTotal : 4
2023-12-12 16:06:30,228 : INFO : hotelProduct.maxOccupancyAdult : 4
2023-12-12 16:06:30,337 : INFO : hotelProduct.maxOccupancyChildren : 1
2023-12-12 16:06:30,431 : INFO : hotelProduct.singleBebNumber : 3
2023-12-12 16:06:30,539 : INFO : hotelProduct.doubleBebNumber : 1
2023-12-12 16:06:30,649 : INFO : hotelProduct.roomSizeInSquareMeter : 146
2023-12-12 16:06:30,741 : INFO : hotelProduct.quantity : 2
2023-12-12 16:06:30,819 : INFO : hotelProduct.pmsCode : AP2HV
2023-12-12 16:06:30,912 : INFO : hotelProduct.availableOnGDSMedia : checkbox.checked
2023-12-12 16:06:31,005 : INFO : hotelProduct.orderInResaScreen : 7
2023-12-12 16:06:31,098 : INFO : Submitdata
2023-12-12 16:06:35,013 : INFO : C0C1 : AP2HV : Product 'AP2HV' has been added
2023-12-12 16:06:36,497 : INFO : hotelProduct.paying : checkbox.checked
2023-12-12 16:06:36,606 : INFO : hotelProduct.bookable : checkbox.checked
2023-12-12 16:06:36,715 : INFO : hotelProduct.maxOccupancyTotal : 6
2023-12-12 16:06:36,793 : INFO : hotelProduct.maxOccupancyAdult : 6
2023-12-12 16:06:36,871 : INFO : hotelProduct.maxOccupancyChildren : 1
2023-12-12 16:06:36,963 : INFO : hotelProduct.singleBebNumber : 3
2023-12-12 16:06:37,042 : INFO : hotelProduct.doubleBebNumber : 1
2023-12-12 16:06:37,118 : INFO : hotelProduct.roomSizeInSquareMeter : 151
2023-12-12 16:06:37,197 : INFO : hotelProduct.quantity : 2
2023-12-12 16:06:37,275 : INFO : hotelProduct.pmsCode : AP3
2023-12-12 16:06:37,352 : INFO : hotelProduct.availableOnGDSMedia : checkbox.checked
2023-12-12 16:06:37,429 : INFO : hotelProduct.orderInResaScreen : 8
2023-12-12 16:06:37,505 : INFO : Submitdata
2023-12-12 16:06:40,576 : INFO : C0C1 : AP3 : Product 'AP3' has been added
2023-12-12 16:06:41,876 : INFO : hotelProduct.paying : checkbox.checked
2023-12-12 16:06:41,954 : INFO : hotelProduct.bookable : checkbox.checked
2023-12-12 16:06:42,034 : INFO : hotelProduct.maxOccupancyTotal : 8
2023-12-12 16:06:42,113 : INFO : hotelProduct.maxOccupancyAdult : 8
2023-12-12 16:06:42,175 : INFO : hotelProduct.maxOccupancyChildren : 1
2023-12-12 16:06:42,252 : INFO : hotelProduct.singleBebNumber : 3
2023-12-12 16:06:42,331 : INFO : hotelProduct.doubleBebNumber : 1
2023-12-12 16:06:42,409 : INFO : hotelProduct.roomSizeInSquareMeter : 182
2023-12-12 16:06:42,501 : INFO : hotelProduct.quantity : 2
2023-12-12 16:06:42,594 : INFO : hotelProduct.pmsCode : S4A
2023-12-12 16:06:42,686 : INFO : hotelProduct.availableOnGDSMedia : checkbox.checked
2023-12-12 16:06:42,764 : INFO : hotelProduct.orderInResaScreen : 9
2023-12-12 16:06:42,855 : INFO : Submitdata
2023-12-12 16:06:45,980 : INFO : C0C1 : S4A : Product 'S4A' has been added
2023-12-12 16:06:47,299 : INFO : hotelProduct.paying : checkbox.checked
2023-12-12 16:06:47,377 : INFO : hotelProduct.bookable : checkbox.checked
2023-12-12 16:06:47,454 : INFO : hotelProduct.maxOccupancyTotal : 8
2023-12-12 16:06:47,533 : INFO : hotelProduct.maxOccupancyAdult : 8
2023-12-12 16:06:47,611 : INFO : hotelProduct.maxOccupancyChildren : 1
2023-12-12 16:06:47,689 : INFO : hotelProduct.singleBebNumber : 3
2023-12-12 16:06:47,767 : INFO : hotelProduct.doubleBebNumber : 1
2023-12-12 16:06:47,844 : INFO : hotelProduct.roomSizeInSquareMeter : 205
2023-12-12 16:06:47,923 : INFO : hotelProduct.quantity : 2
2023-12-12 16:06:48,001 : INFO : hotelProduct.pmsCode : S4B
2023-12-12 16:06:48,079 : INFO : hotelProduct.availableOnGDSMedia : checkbox.checked
2023-12-12 16:06:48,156 : INFO : hotelProduct.orderInResaScreen : 10
2023-12-12 16:06:48,250 : INFO : Submitdata
2023-12-12 16:06:51,337 : INFO : C0C1 : S4B : Product 'S4B' has been added
